<?xml version="1.0" encoding="UTF-8"?>
<testsuite xmlns:xsi="http://www.w3.org/2001/XMLSchema-instance" xsi:noNamespaceSchemaLocation="https://maven.apache.org/surefire/maven-surefire-plugin/xsd/surefire-test-report-3.0.xsd" version="3.0" name="com.example.MyFirstProjectApplicationTests" time="8.461" tests="1" errors="0" skipped="0" failures="0">
  <properties>
[...]
</properties>
  <testcase name="contextLoads" classname="com.example.MyFirstProjectApplicationTests" time="2.876">
    <system-out><![CDATA[18:44:05.652 [main] INFO org.springframework.test.context.support.AnnotationConfigContextLoaderUtils -- Could not detect default configuration classes for test class [com.example.MyFirstProjectApplicationTests]: MyFirstProjectApplicationTests does not declare any static, non-private, non-final, nested classes annotated with @Configuration.
18:44:05.878 [main] INFO org.springframework.boot.test.context.SpringBootTestContextBootstrapper -- Found @SpringBootConfiguration com.example.MyFirstProjectApplication for test class com.example.MyFirstProjectApplicationTests

  .   ____          _            __ _ _
 /\\ / ___'_ __ _ _(_)_ __  __ _ \ \ \ \
( ( )\___ | '_ | '_| | '_ \/ _` | \ \ \ \
 \\/  ___)| |_)| | | | | || (_| |  ) ) ) )
  '  |____| .__|_| |_|_| |_\__, | / / / /
 =========|_|==============|___/=/_/_/_/
 :: Spring Boot ::                (v3.1.6)

2023-12-02T18:44:07.001+05:30  INFO 14764 --- [           main] c.e.MyFirstProjectApplicationTests       : Starting MyFirstProjectApplicationTests using Java 17.0.7 with PID 14764 (started by Nilay Das in C:\Users\Nilay Das\Downloads\my-first-project\my-first-project)
2023-12-02T18:44:07.005+05:30  INFO 14764 --- [           main] c.e.MyFirstProjectApplicationTests       : No active profile set, falling back to 1 default profile: "default"
2023-12-02T18:44:10.222+05:30  INFO 14764 --- [           main] o.s.b.a.w.s.WelcomePageHandlerMapping    : Adding welcome page template: index
2023-12-02T18:44:10.750+05:30  INFO 14764 --- [           main] c.e.MyFirstProjectApplicationTests       : Started MyFirstProjectApplicationTests in 4.478 seconds (process running for 7.031)
]]></system-out>
  </testcase>
</testsuite>